[0m** WARNING ** io features related to pcap will be disabled[0m
[33mCMake Warning:
  Manually-specified variables were not used by the project:

    CATKIN_INSTALL_INTO_PREFIX_ROOT
    CATKIN_SYMLINK_INSTALL

[0m
[01m[K/home/sayon/hoge_ws/src/pointcloud_divider/src/pointcloud_divider_core.cpp:[m[K In member function ‘[01m[Kvoid PointCloudDivider<PointT>::dividePointCloud(const typename pcl::PointCloud<PointT>::Ptr&)[m[K’:
[01m[K/home/sayon/hoge_ws/src/pointcloud_divider/src/pointcloud_divider_core.cpp:107:5:[m[K [01;31m[Kerror: [m[K‘[01m[Kcout[m[K’ was not declared in this scope; did you mean ‘[01m[Kstd::cout[m[K’?
  107 |     [01;31m[Kcout[m[K<<p<<endl;
      |     [01;31m[K^~~~[m[K
      |     [32m[Kstd::cout[m[K
In file included from [01m[K/usr/include/pcl-1.12/pcl/pcl_macros.h:63[m[K,
                 from [01m[K/usr/include/pcl-1.12/pcl/io/pcd_io.h:43[m[K,
                 from [01m[K/home/sayon/hoge_ws/src/pointcloud_divider/include/pointcloud_divider/pointcloud_divider.hpp:11[m[K,
                 from [01m[K/home/sayon/hoge_ws/src/pointcloud_divider/src/pointcloud_divider_core.cpp:1[m[K:
[01m[K/usr/include/c++/11/iostream:61:18:[m[K [01;36m[Knote: [m[K‘[01m[Kstd::cout[m[K’ declared here
   61 |   extern ostream [01;36m[Kcout[m[K;          /// Linked to standard output
      |                  [01;36m[K^~~~[m[K
[01m[K/home/sayon/hoge_ws/src/pointcloud_divider/src/pointcloud_divider_core.cpp:107:14:[m[K [01;31m[Kerror: [m[K‘[01m[Kendl[m[K’ was not declared in this scope; did you mean ‘[01m[Kstd::endl[m[K’?
  107 |     cout<<p<<[01;31m[Kendl[m[K;
      |              [01;31m[K^~~~[m[K
      |              [32m[Kstd::endl[m[K
In file included from [01m[K/usr/include/c++/11/istream:39[m[K,
                 from [01m[K/usr/include/c++/11/sstream:38[m[K,
                 from [01m[K/usr/include/yaml-cpp/emitter.h:14[m[K,
                 from [01m[K/usr/include/yaml-cpp/yaml.h:11[m[K,
                 from [01m[K/home/sayon/hoge_ws/src/pointcloud_divider/include/pointcloud_divider/pointcloud_divider.hpp:6[m[K,
                 from [01m[K/home/sayon/hoge_ws/src/pointcloud_divider/src/pointcloud_divider_core.cpp:1[m[K:
[01m[K/usr/include/c++/11/ostream:684:5:[m[K [01;36m[Knote: [m[K‘[01m[Kstd::endl[m[K’ declared here
  684 |     [01;36m[Kendl[m[K(basic_ostream<_CharT, _Traits>& __os)
      |     [01;36m[K^~~~[m[K
[01m[K/home/sayon/hoge_ws/src/pointcloud_divider/src/pointcloud_divider_core.cpp:[m[K In member function ‘[01m[Kvoid PointCloudDivider<PointT>::dividePointCloud(const typename pcl::PointCloud<PointT>::Ptr&)[m[K’:
[01m[K/home/sayon/hoge_ws/src/pointcloud_divider/src/pointcloud_divider_core.cpp:107:5:[m[K [01;31m[Kerror: [m[K‘[01m[Kcout[m[K’ was not declared in this scope; did you mean ‘[01m[Kstd::cout[m[K’?
  107 |     [01;31m[Kcout[m[K<<p<<endl;
      |     [01;31m[K^~~~[m[K
      |     [32m[Kstd::cout[m[K
In file included from [01m[K/usr/include/pcl-1.12/pcl/pcl_macros.h:63[m[K,
                 from [01m[K/usr/include/pcl-1.12/pcl/io/pcd_io.h:43[m[K,
                 from [01m[K/home/sayon/hoge_ws/src/pointcloud_divider/include/pointcloud_divider/pointcloud_divider.hpp:11[m[K,
                 from [01m[K/home/sayon/hoge_ws/src/pointcloud_divider/src/pointcloud_divider_core.cpp:1[m[K:
[01m[K/usr/include/c++/11/iostream:61:18:[m[K [01;36m[Knote: [m[K‘[01m[Kstd::cout[m[K’ declared here
   61 |   extern ostream [01;36m[Kcout[m[K;          /// Linked to standard output
      |                  [01;36m[K^~~~[m[K
[01m[K/home/sayon/hoge_ws/src/pointcloud_divider/src/pointcloud_divider_core.cpp:107:14:[m[K [01;31m[Kerror: [m[K‘[01m[Kendl[m[K’ was not declared in this scope; did you mean ‘[01m[Kstd::endl[m[K’?
  107 |     cout<<p<<[01;31m[Kendl[m[K;
      |              [01;31m[K^~~~[m[K
      |              [32m[Kstd::endl[m[K
In file included from [01m[K/usr/include/c++/11/istream:39[m[K,
                 from [01m[K/usr/include/c++/11/sstream:38[m[K,
                 from [01m[K/usr/include/yaml-cpp/emitter.h:14[m[K,
                 from [01m[K/usr/include/yaml-cpp/yaml.h:11[m[K,
                 from [01m[K/home/sayon/hoge_ws/src/pointcloud_divider/include/pointcloud_divider/pointcloud_divider.hpp:6[m[K,
                 from [01m[K/home/sayon/hoge_ws/src/pointcloud_divider/src/pointcloud_divider_core.cpp:1[m[K:
[01m[K/usr/include/c++/11/ostream:684:5:[m[K [01;36m[Knote: [m[K‘[01m[Kstd::endl[m[K’ declared here
  684 |     [01;36m[Kendl[m[K(basic_ostream<_CharT, _Traits>& __os)
      |     [01;36m[K^~~~[m[K
gmake[2]: *** [CMakeFiles/pointcloud_divider.dir/build.make:76: CMakeFiles/pointcloud_divider.dir/src/pointcloud_divider_core.cpp.o] Error 1
gmake[1]: *** [CMakeFiles/Makefile2:139: CMakeFiles/pointcloud_divider.dir/all] Error 2
gmake[1]: *** Waiting for unfinished jobs....
gmake[2]: *** [CMakeFiles/pointcloud_divider_node.dir/build.make:76: CMakeFiles/pointcloud_divider_node.dir/src/pointcloud_divider_core.cpp.o] Error 1
gmake[1]: *** [CMakeFiles/Makefile2:165: CMakeFiles/pointcloud_divider_node.dir/all] Error 2
gmake: *** [Makefile:146: all] Error 2
