[1.763s] DEBUG:colcon:Command line arguments: ['/usr/bin/colcon', 'build', '--symlink-install', '--cmake-args', '-DCMAKE_BUILD_TYPE=Release']
[1.763s] DEBUG:colcon:Parsed command line arguments: Namespace(log_base=None, log_level=None, verb_name='build', build_base='build', install_base='install', merge_install=False, symlink_install=True, test_result_base=None, continue_on_error=False, executor='parallel', parallel_workers=12, event_handlers=None, ignore_user_meta=False, metas=['./colcon.meta'], base_paths=['.'], packages_ignore=None, packages_ignore_regex=None, paths=None, packages_up_to=None, packages_up_to_regex=None, packages_above=None, packages_above_and_dependencies=None, packages_above_depth=None, packages_select_by_dep=None, packages_skip_by_dep=None, packages_skip_up_to=None, packages_select_build_failed=False, packages_skip_build_finished=False, packages_select_test_failures=False, packages_skip_test_passed=False, packages_select=None, packages_skip=None, packages_select_regex=None, packages_skip_regex=None, packages_start=None, packages_end=None, allow_overriding=[], cmake_args=['-DCMAKE_BUILD_TYPE=Release'], cmake_target=None, cmake_target_skip_unavailable=False, cmake_clean_cache=False, cmake_clean_first=False, cmake_force_configure=False, ament_cmake_args=None, catkin_cmake_args=None, catkin_skip_building_tests=False, mixin_files=None, mixin=None, verb_parser=<colcon_mixin.mixin.mixin_argument.MixinArgumentDecorator object at 0x7f6517e54e20>, verb_extension=<colcon_core.verb.build.BuildVerb object at 0x7f651885e7d0>, main=<bound method BuildVerb.main of <colcon_core.verb.build.BuildVerb object at 0x7f651885e7d0>>, mixin_verb=('build',))
[1.813s] Level 1:colcon.colcon_core.package_discovery:discover_packages(colcon_meta) check parameters
[1.813s] Level 1:colcon.colcon_core.package_discovery:discover_packages(recursive) check parameters
[1.813s] Level 1:colcon.colcon_core.package_discovery:discover_packages(ignore) check parameters
[1.813s] Level 1:colcon.colcon_core.package_discovery:discover_packages(path) check parameters
[1.813s] Level 1:colcon.colcon_core.package_discovery:discover_packages(colcon_meta) discover
[1.813s] Level 1:colcon.colcon_core.package_discovery:discover_packages(recursive) discover
[1.813s] INFO:colcon.colcon_core.package_discovery:Crawling recursively for packages in '/home/sayon/hoge_ws/src/pointcloud_divider'
[1.813s] Level 1:colcon.colcon_core.package_identification:_identify(.) by extensions ['ignore', 'ignore_ament_install']
[1.813s] Level 1:colcon.colcon_core.package_identification:_identify(.) by extension 'ignore'
[1.813s] Level 1:colcon.colcon_core.package_identification:_identify(.) by extension 'ignore_ament_install'
[1.813s] Level 1:colcon.colcon_core.package_identification:_identify(.) by extensions ['colcon_pkg']
[1.814s] Level 1:colcon.colcon_core.package_identification:_identify(.) by extension 'colcon_pkg'
[1.814s] Level 1:colcon.colcon_core.package_identification:_identify(.) by extensions ['colcon_meta']
[1.814s] Level 1:colcon.colcon_core.package_identification:_identify(.) by extension 'colcon_meta'
[1.814s] Level 1:colcon.colcon_core.package_identification:_identify(.) by extensions ['ros']
[1.814s] Level 1:colcon.colcon_core.package_identification:_identify(.) by extension 'ros'
[1.872s] DEBUG:colcon.colcon_core.package_identification:Package '.' with type 'ros.catkin' and name 'pointcloud_divider'
[1.872s] Level 1:colcon.colcon_core.package_discovery:discover_packages(recursive) using defaults
[1.872s] Level 1:colcon.colcon_core.package_discovery:discover_packages(ignore) discover
[1.872s] Level 1:colcon.colcon_core.package_discovery:discover_packages(ignore) using defaults
[1.872s] Level 1:colcon.colcon_core.package_discovery:discover_packages(path) discover
[1.872s] Level 1:colcon.colcon_core.package_discovery:discover_packages(path) using defaults
[2.169s] Level 1:colcon.colcon_core.package_discovery:discover_packages(prefix_path) check parameters
[2.169s] Level 1:colcon.colcon_core.package_discovery:discover_packages(prefix_path) discover
[2.194s] DEBUG:colcon.colcon_installed_package_information.package_discovery:Found 334 installed packages in /opt/ros/humble
[2.198s] Level 1:colcon.colcon_core.package_discovery:discover_packages(prefix_path) using defaults
[2.327s] Level 5:colcon.colcon_core.verb:set package 'pointcloud_divider' build argument 'cmake_args' from command line to '['-DCMAKE_BUILD_TYPE=Release']'
[2.327s] Level 5:colcon.colcon_core.verb:set package 'pointcloud_divider' build argument 'cmake_target' from command line to 'None'
[2.327s] Level 5:colcon.colcon_core.verb:set package 'pointcloud_divider' build argument 'cmake_target_skip_unavailable' from command line to 'False'
[2.327s] Level 5:colcon.colcon_core.verb:set package 'pointcloud_divider' build argument 'cmake_clean_cache' from command line to 'False'
[2.327s] Level 5:colcon.colcon_core.verb:set package 'pointcloud_divider' build argument 'cmake_clean_first' from command line to 'False'
[2.327s] Level 5:colcon.colcon_core.verb:set package 'pointcloud_divider' build argument 'cmake_force_configure' from command line to 'False'
[2.327s] Level 5:colcon.colcon_core.verb:set package 'pointcloud_divider' build argument 'ament_cmake_args' from command line to 'None'
[2.327s] Level 5:colcon.colcon_core.verb:set package 'pointcloud_divider' build argument 'catkin_cmake_args' from command line to 'None'
[2.327s] Level 5:colcon.colcon_core.verb:set package 'pointcloud_divider' build argument 'catkin_skip_building_tests' from command line to 'False'
[2.327s] DEBUG:colcon.colcon_core.verb:Building package 'pointcloud_divider' with the following arguments: {'ament_cmake_args': None, 'build_base': '/home/sayon/hoge_ws/src/pointcloud_divider/build/pointcloud_divider', 'catkin_cmake_args': None, 'catkin_skip_building_tests': False, 'cmake_args': ['-DCMAKE_BUILD_TYPE=Release'], 'cmake_clean_cache': False, 'cmake_clean_first': False, 'cmake_force_configure': False, 'cmake_target': None, 'cmake_target_skip_unavailable': False, 'install_base': '/home/sayon/hoge_ws/src/pointcloud_divider/install/pointcloud_divider', 'merge_install': False, 'path': '/home/sayon/hoge_ws/src/pointcloud_divider', 'symlink_install': True, 'test_result_base': None}
[2.328s] INFO:colcon.colcon_core.executor:Executing jobs using 'parallel' executor
[2.331s] DEBUG:colcon.colcon_parallel_executor.executor.parallel:run_until_complete
[2.332s] INFO:colcon.colcon_ros.task.catkin.build:Building ROS package in '/home/sayon/hoge_ws/src/pointcloud_divider' with build type 'catkin'
[2.332s] INFO:colcon.colcon_cmake.task.cmake.build:Building CMake package in '/home/sayon/hoge_ws/src/pointcloud_divider'
[2.382s] INFO:colcon.colcon_core.plugin_system:Skipping extension 'colcon_core.shell.bat': Not used on non-Windows systems
[2.382s] INFO:colcon.colcon_core.shell:Skip shell extension 'powershell' for command environment: Not usable outside of PowerShell
[2.383s] DEBUG:colcon.colcon_core.shell:Skip shell extension 'dsv' for command environment
[2.405s] DEBUG:colcon.colcon_core.event_handler.log_command:Invoking command in '/home/sayon/hoge_ws/src/pointcloud_divider/build/pointcloud_divider': /usr/bin/cmake /home/sayon/hoge_ws/src/pointcloud_divider -DCMAKE_BUILD_TYPE=Release -DCATKIN_INSTALL_INTO_PREFIX_ROOT=0 -DCATKIN_SYMLINK_INSTALL=ON -DCMAKE_INSTALL_PREFIX=/home/sayon/hoge_ws/src/pointcloud_divider/install/pointcloud_divider
[9.623s] DEBUG:colcon.colcon_core.event_handler.log_command:Invoked command in '/home/sayon/hoge_ws/src/pointcloud_divider/build/pointcloud_divider' returned '0': /usr/bin/cmake /home/sayon/hoge_ws/src/pointcloud_divider -DCMAKE_BUILD_TYPE=Release -DCATKIN_INSTALL_INTO_PREFIX_ROOT=0 -DCATKIN_SYMLINK_INSTALL=ON -DCMAKE_INSTALL_PREFIX=/home/sayon/hoge_ws/src/pointcloud_divider/install/pointcloud_divider
[9.627s] DEBUG:colcon.colcon_core.event_handler.log_command:Invoking command in '/home/sayon/hoge_ws/src/pointcloud_divider/build/pointcloud_divider': /usr/bin/cmake --build /home/sayon/hoge_ws/src/pointcloud_divider/build/pointcloud_divider -- -j12 -l12
[17.385s] DEBUG:colcon.colcon_core.event_handler.log_command:Invoked command in '/home/sayon/hoge_ws/src/pointcloud_divider/build/pointcloud_divider' returned '2': /usr/bin/cmake --build /home/sayon/hoge_ws/src/pointcloud_divider/build/pointcloud_divider -- -j12 -l12
[17.413s] Level 1:colcon.colcon_core.shell:create_environment_hook('pointcloud_divider', 'ros_package_path')
[17.415s] INFO:colcon.colcon_core.shell:Creating environment hook '/home/sayon/hoge_ws/src/pointcloud_divider/install/pointcloud_divider/share/pointcloud_divider/hook/ros_package_path.ps1'
[17.429s] INFO:colcon.colcon_core.shell:Creating environment descriptor '/home/sayon/hoge_ws/src/pointcloud_divider/install/pointcloud_divider/share/pointcloud_divider/hook/ros_package_path.dsv'
[17.438s] INFO:colcon.colcon_core.shell:Creating environment hook '/home/sayon/hoge_ws/src/pointcloud_divider/install/pointcloud_divider/share/pointcloud_divider/hook/ros_package_path.sh'
[17.439s] Level 1:colcon.colcon_core.shell:create_environment_hook('pointcloud_divider', 'pkg_config_path')
[17.440s] INFO:colcon.colcon_core.shell:Creating environment hook '/home/sayon/hoge_ws/src/pointcloud_divider/install/pointcloud_divider/share/pointcloud_divider/hook/pkg_config_path.ps1'
[17.440s] INFO:colcon.colcon_core.shell:Creating environment descriptor '/home/sayon/hoge_ws/src/pointcloud_divider/install/pointcloud_divider/share/pointcloud_divider/hook/pkg_config_path.dsv'
[17.441s] INFO:colcon.colcon_core.shell:Creating environment hook '/home/sayon/hoge_ws/src/pointcloud_divider/install/pointcloud_divider/share/pointcloud_divider/hook/pkg_config_path.sh'
[17.443s] Level 1:colcon.colcon_core.shell:create_environment_hook('pointcloud_divider', 'pkg_config_path_multiarch')
[17.444s] INFO:colcon.colcon_core.shell:Creating environment hook '/home/sayon/hoge_ws/src/pointcloud_divider/install/pointcloud_divider/share/pointcloud_divider/hook/pkg_config_path_multiarch.ps1'
[17.444s] INFO:colcon.colcon_core.shell:Creating environment descriptor '/home/sayon/hoge_ws/src/pointcloud_divider/install/pointcloud_divider/share/pointcloud_divider/hook/pkg_config_path_multiarch.dsv'
[17.445s] INFO:colcon.colcon_core.shell:Creating environment hook '/home/sayon/hoge_ws/src/pointcloud_divider/install/pointcloud_divider/share/pointcloud_divider/hook/pkg_config_path_multiarch.sh'
[17.446s] Level 1:colcon.colcon_core.environment:create_environment_scripts_only(pointcloud_divider)
[17.481s] Level 1:colcon.colcon_core.environment:checking '/home/sayon/hoge_ws/src/pointcloud_divider/install/pointcloud_divider' for CMake module files
[17.482s] Level 1:colcon.colcon_core.environment:checking '/home/sayon/hoge_ws/src/pointcloud_divider/install/pointcloud_divider' for CMake config files
[17.482s] Level 1:colcon.colcon_core.environment:checking '/home/sayon/hoge_ws/src/pointcloud_divider/install/pointcloud_divider/bin'
[17.482s] Level 1:colcon.colcon_core.environment:checking '/home/sayon/hoge_ws/src/pointcloud_divider/install/pointcloud_divider/lib/pkgconfig/pointcloud_divider.pc'
[17.482s] Level 1:colcon.colcon_core.environment:checking '/home/sayon/hoge_ws/src/pointcloud_divider/install/pointcloud_divider/lib/python3.10/site-packages'
[17.483s] Level 1:colcon.colcon_core.environment:checking '/home/sayon/hoge_ws/src/pointcloud_divider/install/pointcloud_divider/bin'
[17.484s] INFO:colcon.colcon_core.shell:Creating package script '/home/sayon/hoge_ws/src/pointcloud_divider/install/pointcloud_divider/share/pointcloud_divider/package.ps1'
[17.485s] INFO:colcon.colcon_core.shell:Creating package descriptor '/home/sayon/hoge_ws/src/pointcloud_divider/install/pointcloud_divider/share/pointcloud_divider/package.dsv'
[17.486s] INFO:colcon.colcon_core.shell:Creating package script '/home/sayon/hoge_ws/src/pointcloud_divider/install/pointcloud_divider/share/pointcloud_divider/package.sh'
[17.487s] INFO:colcon.colcon_core.shell:Creating package script '/home/sayon/hoge_ws/src/pointcloud_divider/install/pointcloud_divider/share/pointcloud_divider/package.bash'
[17.490s] INFO:colcon.colcon_core.shell:Creating package script '/home/sayon/hoge_ws/src/pointcloud_divider/install/pointcloud_divider/share/pointcloud_divider/package.zsh'
[17.506s] Level 1:colcon.colcon_core.environment:create_file_with_runtime_dependencies(/home/sayon/hoge_ws/src/pointcloud_divider/install/pointcloud_divider/share/colcon-core/packages/pointcloud_divider)
[17.516s] DEBUG:colcon.colcon_parallel_executor.executor.parallel:closing loop
[17.516s] DEBUG:colcon.colcon_parallel_executor.executor.parallel:loop closed
[17.516s] DEBUG:colcon.colcon_parallel_executor.executor.parallel:run_until_complete finished with '2'
[17.517s] DEBUG:colcon.colcon_core.event_reactor:joining thread
[17.536s] INFO:colcon.colcon_core.plugin_system:Skipping extension 'colcon_notification.desktop_notification.terminal_notifier': Not used on non-Darwin systems
[17.536s] INFO:colcon.colcon_core.plugin_system:Skipping extension 'colcon_notification.desktop_notification.win32': Not used on non-Windows systems
[17.536s] INFO:colcon.colcon_notification.desktop_notification:Sending desktop notification using 'notify2'
[17.563s] DEBUG:colcon.colcon_core.event_reactor:joined thread
[17.565s] INFO:colcon.colcon_core.shell:Creating prefix script '/home/sayon/hoge_ws/src/pointcloud_divider/install/local_setup.ps1'
[17.566s] INFO:colcon.colcon_core.shell:Creating prefix util module '/home/sayon/hoge_ws/src/pointcloud_divider/install/_local_setup_util_ps1.py'
[17.568s] INFO:colcon.colcon_core.shell:Creating prefix chain script '/home/sayon/hoge_ws/src/pointcloud_divider/install/setup.ps1'
[17.570s] INFO:colcon.colcon_core.shell:Creating prefix script '/home/sayon/hoge_ws/src/pointcloud_divider/install/local_setup.sh'
[17.570s] INFO:colcon.colcon_core.shell:Creating prefix util module '/home/sayon/hoge_ws/src/pointcloud_divider/install/_local_setup_util_sh.py'
[17.571s] INFO:colcon.colcon_core.shell:Creating prefix chain script '/home/sayon/hoge_ws/src/pointcloud_divider/install/setup.sh'
[17.573s] INFO:colcon.colcon_core.shell:Creating prefix script '/home/sayon/hoge_ws/src/pointcloud_divider/install/local_setup.bash'
[17.573s] INFO:colcon.colcon_core.shell:Creating prefix chain script '/home/sayon/hoge_ws/src/pointcloud_divider/install/setup.bash'
[17.575s] INFO:colcon.colcon_core.shell:Creating prefix script '/home/sayon/hoge_ws/src/pointcloud_divider/install/local_setup.zsh'
[17.575s] INFO:colcon.colcon_core.shell:Creating prefix chain script '/home/sayon/hoge_ws/src/pointcloud_divider/install/setup.zsh'
